<?xml version="1.0" encoding="UTF-8"?>
<testng-results skipped="0" failed="0" total="1" passed="1">
  <reporter-output>
  </reporter-output>
  <suite name="Default suite" duration-ms="7941" started-at="2018-01-29T06:00:45Z" finished-at="2018-01-29T06:00:52Z">
    <groups>
    </groups>
    <test name="Default test" duration-ms="7941" started-at="2018-01-29T06:00:45Z" finished-at="2018-01-29T06:00:52Z">
      <class name="com.leo.microservice.som.TestFind">
        <test-method status="PASS" signature="springTestContextBeforeTestClass()[pri:0, instance:com.leo.microservice.som.TestFind@70be0a2b]" name="springTestContextBeforeTestClass" is-config="true" duration-ms="14" started-at="2018-01-29T14:00:45Z" finished-at="2018-01-29T14:00:45Z">
          <reporter-output>
          </reporter-output>
        </test-method> <!-- springTestContextBeforeTestClass -->
        <test-method status="PASS" signature="springTestContextPrepareTestInstance()[pri:0, instance:com.leo.microservice.som.TestFind@70be0a2b]" name="springTestContextPrepareTestInstance" is-config="true" duration-ms="7852" started-at="2018-01-29T14:00:45Z" depends-on-methods="org.springframework.test.context.testng.AbstractTestNGSpringContextTests.springTestContextBeforeTestClass" finished-at="2018-01-29T14:00:52Z">
          <reporter-output>
          </reporter-output>
        </test-method> <!-- springTestContextPrepareTestInstance -->
        <test-method status="PASS" signature="springTestContextBeforeTestMethod(java.lang.reflect.Method)[pri:0, instance:com.leo.microservice.som.TestFind@70be0a2b]" name="springTestContextBeforeTestMethod" is-config="true" duration-ms="5" started-at="2018-01-29T14:00:52Z" finished-at="2018-01-29T14:00:52Z">
          <params>
            <param index="0">
              <value>
                <![CDATA[public void com.leo.microservice.som.TestFind.testHome()]]>
              </value>
            </param>
          </params>
          <reporter-output>
          </reporter-output>
        </test-method> <!-- springTestContextBeforeTestMethod -->
        <test-method status="PASS" signature="testHome()[pri:0, instance:com.leo.microservice.som.TestFind@70be0a2b]" name="testHome" duration-ms="16" started-at="2018-01-29T14:00:52Z" finished-at="2018-01-29T14:00:52Z">
          <reporter-output>
          </reporter-output>
        </test-method> <!-- testHome -->
        <test-method status="PASS" signature="springTestContextAfterTestMethod(java.lang.reflect.Method)[pri:0, instance:com.leo.microservice.som.TestFind@70be0a2b]" name="springTestContextAfterTestMethod" is-config="true" duration-ms="0" started-at="2018-01-29T14:00:52Z" finished-at="2018-01-29T14:00:52Z">
          <params>
            <param index="0">
              <value>
                <![CDATA[public void com.leo.microservice.som.TestFind.testHome()]]>
              </value>
            </param>
          </params>
          <reporter-output>
          </reporter-output>
        </test-method> <!-- springTestContextAfterTestMethod -->
        <test-method status="PASS" signature="springTestContextAfterTestClass()[pri:0, instance:com.leo.microservice.som.TestFind@70be0a2b]" name="springTestContextAfterTestClass" is-config="true" duration-ms="1" started-at="2018-01-29T14:00:52Z" finished-at="2018-01-29T14:00:52Z">
          <reporter-output>
          </reporter-output>
        </test-method> <!-- springTestContextAfterTestClass -->
      </class> <!-- com.leo.microservice.som.TestFind -->
    </test> <!-- Default test -->
  </suite> <!-- Default suite -->
</testng-results>
